0 info it worked if it ends with ok
1 verbose cli [ 'node',
1 verbose cli   '/usr/local/bin/npm',
1 verbose cli   'install',
1 verbose cli   '--save',
1 verbose cli   'express-session' ]
2 info using npm@1.4.28
3 info using node@v0.10.33
4 warn package.json server@1.0.0 No repository field.
5 warn package.json server@1.0.0 No README data
6 verbose readDependencies using package.json deps
7 verbose cache add [ 'express-session', null ]
8 verbose cache add name=undefined spec="express-session" args=["express-session",null]
9 verbose parsed url { protocol: null,
9 verbose parsed url   slashes: null,
9 verbose parsed url   auth: null,
9 verbose parsed url   host: null,
9 verbose parsed url   port: null,
9 verbose parsed url   hostname: null,
9 verbose parsed url   hash: null,
9 verbose parsed url   search: null,
9 verbose parsed url   query: null,
9 verbose parsed url   pathname: 'express-session',
9 verbose parsed url   path: 'express-session',
9 verbose parsed url   href: 'express-session' }
10 silly lockFile 6ca9c35e-express-session express-session
11 verbose lock express-session /Users/davidhe/.npm/6ca9c35e-express-session.lock
12 silly lockFile 6ca9c35e-express-session express-session
13 silly lockFile 6ca9c35e-express-session express-session
14 verbose addNamed [ 'express-session', '' ]
15 verbose addNamed [ null, '*' ]
16 silly lockFile 03cac062-express-session express-session@
17 verbose lock express-session@ /Users/davidhe/.npm/03cac062-express-session.lock
18 silly addNameRange { name: 'express-session', range: '*', hasData: false }
19 verbose request where is /express-session
20 verbose request registry https://registry.npmjs.org/
21 verbose request id 85fcdda17b7c6e70
22 verbose url raw /express-session
23 verbose url resolving [ 'https://registry.npmjs.org/', './express-session' ]
24 verbose url resolved https://registry.npmjs.org/express-session
25 verbose request where is https://registry.npmjs.org/express-session
26 info trying registry request attempt 1 at 00:53:34
27 verbose etag "7VTVXGETQGKOABI8OHL7F5HZO"
28 http GET https://registry.npmjs.org/express-session
29 http 200 https://registry.npmjs.org/express-session
30 silly registry.get cb [ 200,
30 silly registry.get   { server: 'CouchDB/1.5.0 (Erlang OTP/R16B03)',
30 silly registry.get     etag: '"B1G3LNUM58CXQ9O7KXL2EGVW4"',
30 silly registry.get     'content-type': 'application/json',
30 silly registry.get     'cache-control': 'max-age=60',
30 silly registry.get     'content-length': '84570',
30 silly registry.get     'accept-ranges': 'bytes',
30 silly registry.get     date: 'Fri, 15 May 2015 04:53:34 GMT',
30 silly registry.get     via: '1.1 varnish',
30 silly registry.get     age: '0',
30 silly registry.get     connection: 'keep-alive',
30 silly registry.get     'x-served-by': 'cache-jfk1031-JFK',
30 silly registry.get     'x-cache': 'HIT',
30 silly registry.get     'x-cache-hits': '1',
30 silly registry.get     'x-timer': 'S1431665614.334299,VS0,VE19',
30 silly registry.get     vary: 'Accept' } ]
31 silly addNameRange number 2 { name: 'express-session', range: '*', hasData: true }
32 silly addNameRange versions [ 'express-session',
32 silly addNameRange   [ '1.0.0',
32 silly addNameRange     '1.0.1',
32 silly addNameRange     '1.0.2',
32 silly addNameRange     '1.0.3',
32 silly addNameRange     '1.0.4',
32 silly addNameRange     '1.1.0',
32 silly addNameRange     '1.2.0',
32 silly addNameRange     '1.2.1',
32 silly addNameRange     '1.3.0',
32 silly addNameRange     '1.3.1',
32 silly addNameRange     '1.4.0',
32 silly addNameRange     '1.5.0',
32 silly addNameRange     '1.5.1',
32 silly addNameRange     '1.5.2',
32 silly addNameRange     '1.6.0',
32 silly addNameRange     '1.6.1',
32 silly addNameRange     '1.6.2',
32 silly addNameRange     '1.6.3',
32 silly addNameRange     '1.6.4',
32 silly addNameRange     '1.6.5',
32 silly addNameRange     '1.7.0',
32 silly addNameRange     '1.7.1',
32 silly addNameRange     '1.7.2',
32 silly addNameRange     '1.7.3',
32 silly addNameRange     '1.7.4',
32 silly addNameRange     '1.7.5',
32 silly addNameRange     '1.7.6',
32 silly addNameRange     '1.8.0',
32 silly addNameRange     '1.8.1',
32 silly addNameRange     '1.8.2',
32 silly addNameRange     '1.9.0',
32 silly addNameRange     '1.9.1',
32 silly addNameRange     '1.9.2',
32 silly addNameRange     '1.9.3',
32 silly addNameRange     '1.10.0',
32 silly addNameRange     '1.10.1',
32 silly addNameRange     '1.10.2',
32 silly addNameRange     '1.10.3',
32 silly addNameRange     '1.10.4',
32 silly addNameRange     '1.11.0',
32 silly addNameRange     '1.11.1',
32 silly addNameRange     '1.11.2' ] ]
33 verbose addNamed [ 'express-session', '1.11.2' ]
34 verbose addNamed [ '1.11.2', '1.11.2' ]
35 silly lockFile 185c5f9f-express-session-1-11-2 express-session@1.11.2
36 verbose lock express-session@1.11.2 /Users/davidhe/.npm/185c5f9f-express-session-1-11-2.lock
37 silly lockFile 54bda92a-ssion-express-session-1-11-2-tgz https://registry.npmjs.org/express-session/-/express-session-1.11.2.tgz
38 verbose lock https://registry.npmjs.org/express-session/-/express-session-1.11.2.tgz /Users/davidhe/.npm/54bda92a-ssion-express-session-1-11-2-tgz.lock
39 verbose addRemoteTarball [ 'https://registry.npmjs.org/express-session/-/express-session-1.11.2.tgz',
39 verbose addRemoteTarball   'a165c9cfe158c8ada18e67d9e0d73e9eb35fa575' ]
40 info retry fetch attempt 1 at 00:53:34
41 verbose fetch to= /var/folders/4b/5jq0w0z960l0579qfnh2gz280000gn/T/npm-5333-TCS28dUR/registry.npmjs.org/express-session/-/express-session-1.11.2.tgz
42 http GET https://registry.npmjs.org/express-session/-/express-session-1.11.2.tgz
43 http 200 https://registry.npmjs.org/express-session/-/express-session-1.11.2.tgz
44 silly lockFile 54bda92a-ssion-express-session-1-11-2-tgz https://registry.npmjs.org/express-session/-/express-session-1.11.2.tgz
45 silly lockFile 54bda92a-ssion-express-session-1-11-2-tgz https://registry.npmjs.org/express-session/-/express-session-1.11.2.tgz
46 silly lockFile 185c5f9f-express-session-1-11-2 express-session@1.11.2
47 silly lockFile 185c5f9f-express-session-1-11-2 express-session@1.11.2
48 silly lockFile 03cac062-express-session express-session@
49 silly lockFile 03cac062-express-session express-session@
50 error Error: EACCES, mkdir '/Users/davidhe/.npm/express-session/1.11.2'
50 error  { [Error: EACCES, mkdir '/Users/davidhe/.npm/express-session/1.11.2']
50 error   errno: 3,
50 error   code: 'EACCES',
50 error   path: '/Users/davidhe/.npm/express-session/1.11.2',
50 error   parent: 'server' }
51 error Please try running this command again as root/Administrator.
52 error System Darwin 14.3.0
53 error command "node" "/usr/local/bin/npm" "install" "--save" "express-session"
54 error cwd /Users/davidhe/Documents/websites/CharaSparkAPI
55 error node -v v0.10.33
56 error npm -v 1.4.28
57 error path /Users/davidhe/.npm/express-session/1.11.2
58 error code EACCES
59 error errno 3
60 error stack Error: EACCES, mkdir '/Users/davidhe/.npm/express-session/1.11.2'
61 verbose exit [ 3, true ]
